{
"contracts/Lottery.sol":{"l":{"52":3,"53":3,"54":3,"55":3,"56":3,"57":3,"58":3,"59":3,"66":4,"67":1,"69":3,"70":0,"73":3,"74":3,"90":1,"92":1,"93":1,"94":1,"95":1,"100":1,"101":1,"102":0,"105":1,"109":1,"116":0,"123":0,"124":0,"125":0,"127":0,"129":0,"130":0,"132":0,"134":0,"135":0,"137":0,"143":5,"147":1,"151":0,"154":1,"157":0,"161":0,"164":0,"167":0,"171":6},"path":"/home/romaaman/hardhat-freecodeCampV2/hardhat-smartcontract-lottery/contracts/Lottery.sol","s":{"1":4,"2":3,"3":3,"4":3,"5":1,"6":1,"7":1,"8":1,"9":1,"10":1,"11":1,"12":0,"13":0,"14":0,"15":0,"16":0,"17":0,"18":5,"19":1,"20":0,"21":1,"22":0,"23":0,"24":0,"25":0,"26":6},"b":{"1":[1,3],"2":[0,3],"3":[0,1],"4":[0,0]},"f":{"1":3,"2":4,"3":1,"4":1,"5":0,"6":5,"7":1,"8":0,"9":1,"10":0,"11":0,"12":0,"13":0,"14":6},"fnMap":{"1":{"name":"constructor","line":51,"loc":{"start":{"line":44,"column":4},"end":{"line":63,"column":4}}},"2":{"name":"enterLottery","line":65,"loc":{"start":{"line":65,"column":4},"end":{"line":75,"column":4}}},"3":{"name":"checkUpkeep","line":87,"loc":{"start":{"line":87,"column":4},"end":{"line":96,"column":4}}},"4":{"name":"performUpkeep","line":99,"loc":{"start":{"line":99,"column":4},"end":{"line":117,"column":4}}},"5":{"name":"fulfillRandomWords","line":119,"loc":{"start":{"line":119,"column":4},"end":{"line":138,"column":4}}},"6":{"name":"getEntranceFee","line":142,"loc":{"start":{"line":142,"column":4},"end":{"line":144,"column":4}}},"7":{"name":"getPlayer","line":146,"loc":{"start":{"line":146,"column":4},"end":{"line":148,"column":4}}},"8":{"name":"getRecentWinner","line":150,"loc":{"start":{"line":150,"column":4},"end":{"line":152,"column":4}}},"9":{"name":"getLotteryState","line":153,"loc":{"start":{"line":153,"column":4},"end":{"line":155,"column":4}}},"10":{"name":"getNumWords","line":156,"loc":{"start":{"line":156,"column":4},"end":{"line":159,"column":4}}},"11":{"name":"getNumberOfPlayers","line":160,"loc":{"start":{"line":160,"column":4},"end":{"line":162,"column":4}}},"12":{"name":"getLatestTimeStamp","line":163,"loc":{"start":{"line":163,"column":4},"end":{"line":165,"column":4}}},"13":{"name":"getRequestConfirmations","line":166,"loc":{"start":{"line":166,"column":4},"end":{"line":169,"column":4}}},"14":{"name":"getInterval","line":170,"loc":{"start":{"line":170,"column":4},"end":{"line":172,"column":4}}}},"statementMap":{"1":{"start":{"line":66,"column":8},"end":{"line":66,"column":2256}},"2":{"start":{"line":69,"column":8},"end":{"line":69,"column":2358}},"3":{"start":{"line":73,"column":8},"end":{"line":73,"column":42}},"4":{"start":{"line":74,"column":8},"end":{"line":74,"column":37}},"5":{"start":{"line":90,"column":8},"end":{"line":90,"column":59}},"6":{"start":{"line":92,"column":8},"end":{"line":92,"column":76}},"7":{"start":{"line":93,"column":8},"end":{"line":93,"column":48}},"8":{"start":{"line":94,"column":8},"end":{"line":94,"column":51}},"9":{"start":{"line":100,"column":8},"end":{"line":100,"column":45}},"10":{"start":{"line":101,"column":8},"end":{"line":101,"column":3703}},"11":{"start":{"line":109,"column":8},"end":{"line":109,"column":4044}},"12":{"start":{"line":116,"column":8},"end":{"line":116,"column":46}},"13":{"start":{"line":123,"column":8},"end":{"line":123,"column":65}},"14":{"start":{"line":124,"column":8},"end":{"line":124,"column":63}},"15":{"start":{"line":130,"column":8},"end":{"line":130,"column":78}},"16":{"start":{"line":134,"column":8},"end":{"line":134,"column":4987}},"17":{"start":{"line":137,"column":8},"end":{"line":137,"column":39}},"18":{"start":{"line":143,"column":8},"end":{"line":143,"column":28}},"19":{"start":{"line":147,"column":8},"end":{"line":147,"column":31}},"20":{"start":{"line":151,"column":8},"end":{"line":151,"column":29}},"21":{"start":{"line":154,"column":8},"end":{"line":154,"column":29}},"22":{"start":{"line":157,"column":8},"end":{"line":157,"column":24}},"23":{"start":{"line":161,"column":8},"end":{"line":161,"column":31}},"24":{"start":{"line":164,"column":8},"end":{"line":164,"column":30}},"25":{"start":{"line":167,"column":8},"end":{"line":167,"column":36}},"26":{"start":{"line":171,"column":8},"end":{"line":171,"column":25}}},"branchMap":{"1":{"line":66,"type":"if","locations":[{"start":{"line":66,"column":8},"end":{"line":66,"column":8}},{"start":{"line":66,"column":8},"end":{"line":66,"column":8}}]},"2":{"line":69,"type":"if","locations":[{"start":{"line":69,"column":8},"end":{"line":69,"column":8}},{"start":{"line":69,"column":8},"end":{"line":69,"column":8}}]},"3":{"line":101,"type":"if","locations":[{"start":{"line":101,"column":8},"end":{"line":101,"column":8}},{"start":{"line":101,"column":8},"end":{"line":101,"column":8}}]},"4":{"line":134,"type":"if","locations":[{"start":{"line":134,"column":8},"end":{"line":134,"column":8}},{"start":{"line":134,"column":8},"end":{"line":134,"column":8}}]}}},
"contracts/test/VRFCoordinatorV2Mock.sol":{"l":{},"path":"/home/romaaman/hardhat-freecodeCampV2/hardhat-smartcontract-lottery/contracts/test/VRFCoordinatorV2Mock.sol","s":{},"b":{},"f":{},"fnMap":{},"statementMap":{},"branchMap":{}}}
