TN:
SF:/home/romaaman/hardhat-freecodeCampV2/hardhat-smartcontract-lottery/contracts/Lottery.sol
FN:51,constructor
FN:65,enterLottery
FN:87,checkUpkeep
FN:99,performUpkeep
FN:119,fulfillRandomWords
FN:142,getEntranceFee
FN:146,getPlayer
FN:150,getRecentWinner
FN:153,getLotteryState
FN:156,getNumWords
FN:160,getNumberOfPlayers
FN:163,getLatestTimeStamp
FN:166,getRequestConfirmations
FN:170,getInterval
FNF:14
FNH:8
FNDA:3,constructor
FNDA:4,enterLottery
FNDA:1,checkUpkeep
FNDA:1,performUpkeep
FNDA:0,fulfillRandomWords
FNDA:5,getEntranceFee
FNDA:1,getPlayer
FNDA:0,getRecentWinner
FNDA:1,getLotteryState
FNDA:0,getNumWords
FNDA:0,getNumberOfPlayers
FNDA:0,getLatestTimeStamp
FNDA:0,getRequestConfirmations
FNDA:6,getInterval
DA:52,3
DA:53,3
DA:54,3
DA:55,3
DA:56,3
DA:57,3
DA:58,3
DA:59,3
DA:66,4
DA:67,1
DA:69,3
DA:70,0
DA:73,3
DA:74,3
DA:90,1
DA:92,1
DA:93,1
DA:94,1
DA:95,1
DA:100,1
DA:101,1
DA:102,0
DA:105,1
DA:109,1
DA:116,0
DA:123,0
DA:124,0
DA:125,0
DA:127,0
DA:129,0
DA:130,0
DA:132,0
DA:134,0
DA:135,0
DA:137,0
DA:143,5
DA:147,1
DA:151,0
DA:154,1
DA:157,0
DA:161,0
DA:164,0
DA:167,0
DA:171,6
LF:44
LH:26
BRDA:66,1,0,1
BRDA:66,1,1,3
BRDA:69,2,0,0
BRDA:69,2,1,3
BRDA:101,3,0,0
BRDA:101,3,1,1
BRDA:134,4,0,0
BRDA:134,4,1,0
BRF:8
BRH:4
end_of_record
TN:
SF:/home/romaaman/hardhat-freecodeCampV2/hardhat-smartcontract-lottery/contracts/test/VRFCoordinatorV2Mock.sol
FNF:0
FNH:0
LF:0
LH:0
BRF:0
BRH:0
end_of_record
